{"/home/gustavo/Banco-De-Dados/src/app.js": {"path":"/home/gustavo/Banco-De-Dados/src/app.js","statementMap":{"0":{"start":{"line":8,"column":17},"end":{"line":8,"column":26}},"1":{"start":{"line":11,"column":5},"end":{"line":11,"column":null}},"2":{"start":{"line":12,"column":5},"end":{"line":12,"column":null}},"3":{"start":{"line":13,"column":5},"end":{"line":13,"column":null}},"4":{"start":{"line":21,"column":5},"end":{"line":50,"column":null}},"5":{"start":{"line":22,"column":28},"end":{"line":22,"column":32}},"6":{"start":{"line":23,"column":29},"end":{"line":23,"column":69}},"7":{"start":{"line":25,"column":7},"end":{"line":32,"column":null}},"8":{"start":{"line":27,"column":9},"end":{"line":27,"column":null}},"9":{"start":{"line":29,"column":9},"end":{"line":29,"column":null}},"10":{"start":{"line":30,"column":9},"end":{"line":30,"column":null}},"11":{"start":{"line":31,"column":9},"end":{"line":31,"column":null}},"12":{"start":{"line":35,"column":26},"end":{"line":35,"column":61}},"13":{"start":{"line":37,"column":7},"end":{"line":49,"column":null}},"14":{"start":{"line":53,"column":5},"end":{"line":53,"column":35}},"15":{"start":{"line":61,"column":5},"end":{"line":66,"column":null}},"16":{"start":{"line":62,"column":7},"end":{"line":65,"column":null}}},"fnMap":{"0":{"name":"(anonymous_0)","decl":{"start":{"line":21,"column":24},"end":{"line":21,"column":29}},"loc":{"start":{"line":21,"column":44},"end":{"line":50,"column":6}},"line":21},"1":{"name":"(anonymous_1)","decl":{"start":{"line":61,"column":13},"end":{"line":61,"column":14}},"loc":{"start":{"line":61,"column":27},"end":{"line":66,"column":6}},"line":61}},"branchMap":{"0":{"loc":{"start":{"line":35,"column":26},"end":{"line":35,"column":61}},"type":"cond-expr","locations":[{"start":{"line":35,"column":52},"end":{"line":35,"column":55}},{"start":{"line":35,"column":58},"end":{"line":35,"column":61}}],"line":35},"1":{"loc":{"start":{"line":38,"column":17},"end":{"line":38,"column":60}},"type":"cond-expr","locations":[{"start":{"line":38,"column":43},"end":{"line":38,"column":47}},{"start":{"line":38,"column":50},"end":{"line":38,"column":60}}],"line":38}},"s":{"0":1,"1":1,"2":1,"3":1,"4":1,"5":0,"6":0,"7":0,"8":0,"9":0,"10":0,"11":0,"12":0,"13":0,"14":1,"15":1,"16":0},"f":{"0":0,"1":0},"b":{"0":[0,0],"1":[0,0]},"meta":{"lastBranch":2,"lastFunction":2,"lastStatement":17,"seen":{"s:8:17:8:26":0,"s:11:5:11:Infinity":1,"s:12:5:12:Infinity":2,"s:13:5:13:Infinity":3,"s:21:5:50:Infinity":4,"f:21:24:21:29":0,"s:22:28:22:32":5,"s:23:29:23:69":6,"s:25:7:32:Infinity":7,"s:27:9:27:Infinity":8,"s:29:9:29:Infinity":9,"s:30:9:30:Infinity":10,"s:31:9:31:Infinity":11,"s:35:26:35:61":12,"b:35:52:35:55:35:58:35:61":0,"s:37:7:49:Infinity":13,"b:38:43:38:47:38:50:38:60":1,"s:53:5:53:35":14,"s:61:5:66:Infinity":15,"f:61:13:61:14":1,"s:62:7:65:Infinity":16},"fnNames":{}}}
,"/home/gustavo/Banco-De-Dados/src/config/database.js": {"path":"/home/gustavo/Banco-De-Dados/src/config/database.js","statementMap":{"0":{"start":{"line":5,"column":6},"end":{"line":5,"column":null}},"1":{"start":{"line":6,"column":16},"end":{"line":8,"column":null}},"2":{"start":{"line":10,"column":15},"end":{"line":13,"column":null}}},"fnMap":{},"branchMap":{"0":{"loc":{"start":{"line":12,"column":7},"end":{"line":12,"column":null}},"type":"cond-expr","locations":[{"start":{"line":12,"column":23},"end":{"line":12,"column":52}},{"start":{"line":12,"column":52},"end":{"line":12,"column":null}}],"line":12}},"s":{"0":1,"1":1,"2":1},"f":{},"b":{"0":[1,0]},"meta":{"lastBranch":1,"lastFunction":0,"lastStatement":3,"seen":{"s:5:6:5:Infinity":0,"s:6:16:8:Infinity":1,"s:10:15:13:Infinity":2,"b:12:23:12:52:12:52:12:Infinity":0},"fnNames":{}}}
,"/home/gustavo/Banco-De-Dados/src/controllers/questionController.js": {"path":"/home/gustavo/Banco-De-Dados/src/controllers/questionController.js","statementMap":{"0":{"start":{"line":3,"column":25},"end":{"line":6,"column":1}},"1":{"start":{"line":4,"column":14},"end":{"line":4,"column":25}},"2":{"start":{"line":5,"column":2},"end":{"line":5,"column":null}},"3":{"start":{"line":9,"column":30},"end":{"line":67,"column":1}},"4":{"start":{"line":10,"column":2},"end":{"line":66,"column":null}},"5":{"start":{"line":11,"column":84},"end":{"line":11,"column":92}},"6":{"start":{"line":13,"column":4},"end":{"line":15,"column":null}},"7":{"start":{"line":14,"column":6},"end":{"line":14,"column":null}},"8":{"start":{"line":17,"column":17},"end":{"line":17,"column":36}},"9":{"start":{"line":18,"column":4},"end":{"line":20,"column":null}},"10":{"start":{"line":19,"column":6},"end":{"line":19,"column":null}},"11":{"start":{"line":22,"column":27},"end":{"line":22,"column":54}},"12":{"start":{"line":23,"column":26},"end":{"line":23,"column":52}},"13":{"start":{"line":25,"column":4},"end":{"line":27,"column":null}},"14":{"start":{"line":26,"column":6},"end":{"line":26,"column":null}},"15":{"start":{"line":29,"column":20},"end":{"line":29,"column":86}},"16":{"start":{"line":30,"column":4},"end":{"line":32,"column":null}},"17":{"start":{"line":31,"column":6},"end":{"line":31,"column":null}},"18":{"start":{"line":34,"column":19},"end":{"line":34,"column":81}},"19":{"start":{"line":35,"column":4},"end":{"line":37,"column":null}},"20":{"start":{"line":36,"column":6},"end":{"line":36,"column":null}},"21":{"start":{"line":39,"column":24},"end":{"line":56,"column":6}},"22":{"start":{"line":58,"column":4},"end":{"line":62,"column":null}},"23":{"start":{"line":64,"column":4},"end":{"line":64,"column":null}},"24":{"start":{"line":65,"column":4},"end":{"line":65,"column":null}},"25":{"start":{"line":70,"column":28},"end":{"line":92,"column":1}},"26":{"start":{"line":71,"column":2},"end":{"line":91,"column":null}},"27":{"start":{"line":72,"column":22},"end":{"line":81,"column":6}},"28":{"start":{"line":83,"column":4},"end":{"line":87,"column":null}},"29":{"start":{"line":89,"column":4},"end":{"line":89,"column":null}},"30":{"start":{"line":90,"column":4},"end":{"line":90,"column":null}},"31":{"start":{"line":95,"column":31},"end":{"line":127,"column":1}},"32":{"start":{"line":96,"column":2},"end":{"line":126,"column":null}},"33":{"start":{"line":97,"column":15},"end":{"line":97,"column":46}},"34":{"start":{"line":98,"column":4},"end":{"line":100,"column":null}},"35":{"start":{"line":99,"column":6},"end":{"line":99,"column":null}},"36":{"start":{"line":102,"column":21},"end":{"line":112,"column":6}},"37":{"start":{"line":114,"column":4},"end":{"line":116,"column":null}},"38":{"start":{"line":115,"column":6},"end":{"line":115,"column":null}},"39":{"start":{"line":118,"column":4},"end":{"line":122,"column":null}},"40":{"start":{"line":124,"column":4},"end":{"line":124,"column":null}},"41":{"start":{"line":125,"column":4},"end":{"line":125,"column":null}}},"fnMap":{"0":{"name":"(anonymous_0)","decl":{"start":{"line":3,"column":25},"end":{"line":3,"column":26}},"loc":{"start":{"line":3,"column":34},"end":{"line":6,"column":1}},"line":3},"1":{"name":"(anonymous_1)","decl":{"start":{"line":9,"column":30},"end":{"line":9,"column":35}},"loc":{"start":{"line":9,"column":50},"end":{"line":67,"column":1}},"line":9},"2":{"name":"(anonymous_2)","decl":{"start":{"line":70,"column":28},"end":{"line":70,"column":33}},"loc":{"start":{"line":70,"column":48},"end":{"line":92,"column":1}},"line":70},"3":{"name":"(anonymous_3)","decl":{"start":{"line":95,"column":31},"end":{"line":95,"column":36}},"loc":{"start":{"line":95,"column":51},"end":{"line":127,"column":1}},"line":95}},"branchMap":{"0":{"loc":{"start":{"line":5,"column":9},"end":{"line":5,"column":54}},"type":"cond-expr","locations":[{"start":{"line":5,"column":44},"end":{"line":5,"column":47}},{"start":{"line":5,"column":50},"end":{"line":5,"column":54}}],"line":5},"1":{"loc":{"start":{"line":5,"column":9},"end":{"line":5,"column":41}},"type":"binary-expr","locations":[{"start":{"line":5,"column":9},"end":{"line":5,"column":30}},{"start":{"line":5,"column":34},"end":{"line":5,"column":41}}],"line":5},"2":{"loc":{"start":{"line":13,"column":4},"end":{"line":15,"column":null}},"type":"if","locations":[{"start":{"line":13,"column":4},"end":{"line":15,"column":null}},{"start":{},"end":{}}],"line":13},"3":{"loc":{"start":{"line":13,"column":8},"end":{"line":13,"column":78}},"type":"binary-expr","locations":[{"start":{"line":13,"column":8},"end":{"line":13,"column":18}},{"start":{"line":13,"column":22},"end":{"line":13,"column":51}},{"start":{"line":13,"column":55},"end":{"line":13,"column":78}}],"line":13},"4":{"loc":{"start":{"line":18,"column":4},"end":{"line":20,"column":null}},"type":"if","locations":[{"start":{"line":18,"column":4},"end":{"line":20,"column":null}},{"start":{},"end":{}}],"line":18},"5":{"loc":{"start":{"line":18,"column":8},"end":{"line":18,"column":60}},"type":"binary-expr","locations":[{"start":{"line":18,"column":8},"end":{"line":18,"column":31}},{"start":{"line":18,"column":35},"end":{"line":18,"column":60}}],"line":18},"6":{"loc":{"start":{"line":25,"column":4},"end":{"line":27,"column":null}},"type":"if","locations":[{"start":{"line":25,"column":4},"end":{"line":27,"column":null}},{"start":{},"end":{}}],"line":25},"7":{"loc":{"start":{"line":25,"column":8},"end":{"line":25,"column":41}},"type":"binary-expr","locations":[{"start":{"line":25,"column":8},"end":{"line":25,"column":23}},{"start":{"line":25,"column":27},"end":{"line":25,"column":41}}],"line":25},"8":{"loc":{"start":{"line":30,"column":4},"end":{"line":32,"column":null}},"type":"if","locations":[{"start":{"line":30,"column":4},"end":{"line":32,"column":null}},{"start":{},"end":{}}],"line":30},"9":{"loc":{"start":{"line":35,"column":4},"end":{"line":37,"column":null}},"type":"if","locations":[{"start":{"line":35,"column":4},"end":{"line":37,"column":null}},{"start":{},"end":{}}],"line":35},"10":{"loc":{"start":{"line":43,"column":25},"end":{"line":43,"column":73}},"type":"cond-expr","locations":[{"start":{"line":43,"column":43},"end":{"line":43,"column":66}},{"start":{"line":43,"column":69},"end":{"line":43,"column":73}}],"line":43},"11":{"loc":{"start":{"line":46,"column":15},"end":{"line":46,"column":null}},"type":"cond-expr","locations":[{"start":{"line":46,"column":44},"end":{"line":46,"column":49}},{"start":{"line":46,"column":52},"end":{"line":46,"column":null}}],"line":46},"12":{"loc":{"start":{"line":98,"column":4},"end":{"line":100,"column":null}},"type":"if","locations":[{"start":{"line":98,"column":4},"end":{"line":100,"column":null}},{"start":{},"end":{}}],"line":98},"13":{"loc":{"start":{"line":114,"column":4},"end":{"line":116,"column":null}},"type":"if","locations":[{"start":{"line":114,"column":4},"end":{"line":116,"column":null}},{"start":{},"end":{}}],"line":114}},"s":{"0":1,"1":0,"2":0,"3":1,"4":0,"5":0,"6":0,"7":0,"8":0,"9":0,"10":0,"11":0,"12":0,"13":0,"14":0,"15":0,"16":0,"17":0,"18":0,"19":0,"20":0,"21":0,"22":0,"23":0,"24":0,"25":1,"26":0,"27":0,"28":0,"29":0,"30":0,"31":1,"32":0,"33":0,"34":0,"35":0,"36":0,"37":0,"38":0,"39":0,"40":0,"41":0},"f":{"0":0,"1":0,"2":0,"3":0},"b":{"0":[0,0],"1":[0,0],"2":[0,0],"3":[0,0,0],"4":[0,0],"5":[0,0],"6":[0,0],"7":[0,0],"8":[0,0],"9":[0,0],"10":[0,0],"11":[0,0],"12":[0,0],"13":[0,0]},"meta":{"lastBranch":14,"lastFunction":4,"lastStatement":42,"seen":{"s:3:25:6:1":0,"f:3:25:3:26":0,"s:4:14:4:25":1,"s:5:2:5:Infinity":2,"b:5:44:5:47:5:50:5:54":0,"b:5:9:5:30:5:34:5:41":1,"s:9:30:67:1":3,"f:9:30:9:35":1,"s:10:2:66:Infinity":4,"s:11:84:11:92":5,"b:13:4:15:Infinity:undefined:undefined:undefined:undefined":2,"s:13:4:15:Infinity":6,"b:13:8:13:18:13:22:13:51:13:55:13:78":3,"s:14:6:14:Infinity":7,"s:17:17:17:36":8,"b:18:4:20:Infinity:undefined:undefined:undefined:undefined":4,"s:18:4:20:Infinity":9,"b:18:8:18:31:18:35:18:60":5,"s:19:6:19:Infinity":10,"s:22:27:22:54":11,"s:23:26:23:52":12,"b:25:4:27:Infinity:undefined:undefined:undefined:undefined":6,"s:25:4:27:Infinity":13,"b:25:8:25:23:25:27:25:41":7,"s:26:6:26:Infinity":14,"s:29:20:29:86":15,"b:30:4:32:Infinity:undefined:undefined:undefined:undefined":8,"s:30:4:32:Infinity":16,"s:31:6:31:Infinity":17,"s:34:19:34:81":18,"b:35:4:37:Infinity:undefined:undefined:undefined:undefined":9,"s:35:4:37:Infinity":19,"s:36:6:36:Infinity":20,"s:39:24:56:6":21,"b:43:43:43:66:43:69:43:73":10,"b:46:44:46:49:46:52:46:Infinity":11,"s:58:4:62:Infinity":22,"s:64:4:64:Infinity":23,"s:65:4:65:Infinity":24,"s:70:28:92:1":25,"f:70:28:70:33":2,"s:71:2:91:Infinity":26,"s:72:22:81:6":27,"s:83:4:87:Infinity":28,"s:89:4:89:Infinity":29,"s:90:4:90:Infinity":30,"s:95:31:127:1":31,"f:95:31:95:36":3,"s:96:2:126:Infinity":32,"s:97:15:97:46":33,"b:98:4:100:Infinity:undefined:undefined:undefined:undefined":12,"s:98:4:100:Infinity":34,"s:99:6:99:Infinity":35,"s:102:21:112:6":36,"b:114:4:116:Infinity:undefined:undefined:undefined:undefined":13,"s:114:4:116:Infinity":37,"s:115:6:115:Infinity":38,"s:118:4:122:Infinity":39,"s:124:4:124:Infinity":40,"s:125:4:125:Infinity":41},"fnNames":{}}}
,"/home/gustavo/Banco-De-Dados/src/controllers/subjectController.js": {"path":"/home/gustavo/Banco-De-Dados/src/controllers/subjectController.js","statementMap":{"0":{"start":{"line":3,"column":25},"end":{"line":6,"column":1}},"1":{"start":{"line":4,"column":14},"end":{"line":4,"column":25}},"2":{"start":{"line":5,"column":2},"end":{"line":5,"column":null}},"3":{"start":{"line":9,"column":29},"end":{"line":53,"column":1}},"4":{"start":{"line":10,"column":2},"end":{"line":52,"column":null}},"5":{"start":{"line":11,"column":41},"end":{"line":11,"column":49}},"6":{"start":{"line":13,"column":4},"end":{"line":15,"column":null}},"7":{"start":{"line":14,"column":6},"end":{"line":14,"column":null}},"8":{"start":{"line":17,"column":29},"end":{"line":17,"column":58}},"9":{"start":{"line":18,"column":4},"end":{"line":20,"column":null}},"10":{"start":{"line":19,"column":6},"end":{"line":19,"column":null}},"11":{"start":{"line":22,"column":22},"end":{"line":24,"column":6}},"12":{"start":{"line":26,"column":4},"end":{"line":28,"column":null}},"13":{"start":{"line":27,"column":6},"end":{"line":27,"column":null}},"14":{"start":{"line":30,"column":23},"end":{"line":41,"column":6}},"15":{"start":{"line":44,"column":4},"end":{"line":48,"column":null}},"16":{"start":{"line":50,"column":4},"end":{"line":50,"column":null}},"17":{"start":{"line":51,"column":4},"end":{"line":51,"column":null}},"18":{"start":{"line":56,"column":27},"end":{"line":75,"column":1}},"19":{"start":{"line":57,"column":2},"end":{"line":74,"column":null}},"20":{"start":{"line":58,"column":21},"end":{"line":64,"column":6}},"21":{"start":{"line":66,"column":4},"end":{"line":70,"column":null}},"22":{"start":{"line":72,"column":4},"end":{"line":72,"column":null}},"23":{"start":{"line":73,"column":4},"end":{"line":73,"column":null}},"24":{"start":{"line":78,"column":30},"end":{"line":107,"column":1}},"25":{"start":{"line":79,"column":2},"end":{"line":106,"column":null}},"26":{"start":{"line":80,"column":15},"end":{"line":80,"column":46}},"27":{"start":{"line":81,"column":4},"end":{"line":83,"column":null}},"28":{"start":{"line":82,"column":6},"end":{"line":82,"column":null}},"29":{"start":{"line":85,"column":20},"end":{"line":92,"column":6}},"30":{"start":{"line":94,"column":4},"end":{"line":96,"column":null}},"31":{"start":{"line":95,"column":6},"end":{"line":95,"column":null}},"32":{"start":{"line":98,"column":4},"end":{"line":102,"column":null}},"33":{"start":{"line":104,"column":4},"end":{"line":104,"column":null}},"34":{"start":{"line":105,"column":4},"end":{"line":105,"column":null}}},"fnMap":{"0":{"name":"(anonymous_0)","decl":{"start":{"line":3,"column":25},"end":{"line":3,"column":26}},"loc":{"start":{"line":3,"column":34},"end":{"line":6,"column":1}},"line":3},"1":{"name":"(anonymous_1)","decl":{"start":{"line":9,"column":29},"end":{"line":9,"column":34}},"loc":{"start":{"line":9,"column":49},"end":{"line":53,"column":1}},"line":9},"2":{"name":"(anonymous_2)","decl":{"start":{"line":56,"column":27},"end":{"line":56,"column":32}},"loc":{"start":{"line":56,"column":47},"end":{"line":75,"column":1}},"line":56},"3":{"name":"(anonymous_3)","decl":{"start":{"line":78,"column":30},"end":{"line":78,"column":35}},"loc":{"start":{"line":78,"column":50},"end":{"line":107,"column":1}},"line":78}},"branchMap":{"0":{"loc":{"start":{"line":5,"column":9},"end":{"line":5,"column":54}},"type":"cond-expr","locations":[{"start":{"line":5,"column":44},"end":{"line":5,"column":47}},{"start":{"line":5,"column":50},"end":{"line":5,"column":54}}],"line":5},"1":{"loc":{"start":{"line":5,"column":9},"end":{"line":5,"column":41}},"type":"binary-expr","locations":[{"start":{"line":5,"column":9},"end":{"line":5,"column":30}},{"start":{"line":5,"column":34},"end":{"line":5,"column":41}}],"line":5},"2":{"loc":{"start":{"line":13,"column":4},"end":{"line":15,"column":null}},"type":"if","locations":[{"start":{"line":13,"column":4},"end":{"line":15,"column":null}},{"start":{},"end":{}}],"line":13},"3":{"loc":{"start":{"line":13,"column":8},"end":{"line":13,"column":63}},"type":"binary-expr","locations":[{"start":{"line":13,"column":8},"end":{"line":13,"column":13}},{"start":{"line":13,"column":17},"end":{"line":13,"column":41}},{"start":{"line":13,"column":45},"end":{"line":13,"column":63}}],"line":13},"4":{"loc":{"start":{"line":18,"column":4},"end":{"line":20,"column":null}},"type":"if","locations":[{"start":{"line":18,"column":4},"end":{"line":20,"column":null}},{"start":{},"end":{}}],"line":18},"5":{"loc":{"start":{"line":26,"column":4},"end":{"line":28,"column":null}},"type":"if","locations":[{"start":{"line":26,"column":4},"end":{"line":28,"column":null}},{"start":{},"end":{}}],"line":26},"6":{"loc":{"start":{"line":34,"column":15},"end":{"line":34,"column":null}},"type":"cond-expr","locations":[{"start":{"line":34,"column":44},"end":{"line":34,"column":49}},{"start":{"line":34,"column":52},"end":{"line":34,"column":null}}],"line":34},"7":{"loc":{"start":{"line":81,"column":4},"end":{"line":83,"column":null}},"type":"if","locations":[{"start":{"line":81,"column":4},"end":{"line":83,"column":null}},{"start":{},"end":{}}],"line":81},"8":{"loc":{"start":{"line":94,"column":4},"end":{"line":96,"column":null}},"type":"if","locations":[{"start":{"line":94,"column":4},"end":{"line":96,"column":null}},{"start":{},"end":{}}],"line":94}},"s":{"0":1,"1":0,"2":0,"3":1,"4":0,"5":0,"6":0,"7":0,"8":0,"9":0,"10":0,"11":0,"12":0,"13":0,"14":0,"15":0,"16":0,"17":0,"18":1,"19":0,"20":0,"21":0,"22":0,"23":0,"24":1,"25":0,"26":0,"27":0,"28":0,"29":0,"30":0,"31":0,"32":0,"33":0,"34":0},"f":{"0":0,"1":0,"2":0,"3":0},"b":{"0":[0,0],"1":[0,0],"2":[0,0],"3":[0,0,0],"4":[0,0],"5":[0,0],"6":[0,0],"7":[0,0],"8":[0,0]},"meta":{"lastBranch":9,"lastFunction":4,"lastStatement":35,"seen":{"s:3:25:6:1":0,"f:3:25:3:26":0,"s:4:14:4:25":1,"s:5:2:5:Infinity":2,"b:5:44:5:47:5:50:5:54":0,"b:5:9:5:30:5:34:5:41":1,"s:9:29:53:1":3,"f:9:29:9:34":1,"s:10:2:52:Infinity":4,"s:11:41:11:49":5,"b:13:4:15:Infinity:undefined:undefined:undefined:undefined":2,"s:13:4:15:Infinity":6,"b:13:8:13:13:13:17:13:41:13:45:13:63":3,"s:14:6:14:Infinity":7,"s:17:29:17:58":8,"b:18:4:20:Infinity:undefined:undefined:undefined:undefined":4,"s:18:4:20:Infinity":9,"s:19:6:19:Infinity":10,"s:22:22:24:6":11,"b:26:4:28:Infinity:undefined:undefined:undefined:undefined":5,"s:26:4:28:Infinity":12,"s:27:6:27:Infinity":13,"s:30:23:41:6":14,"b:34:44:34:49:34:52:34:Infinity":6,"s:44:4:48:Infinity":15,"s:50:4:50:Infinity":16,"s:51:4:51:Infinity":17,"s:56:27:75:1":18,"f:56:27:56:32":2,"s:57:2:74:Infinity":19,"s:58:21:64:6":20,"s:66:4:70:Infinity":21,"s:72:4:72:Infinity":22,"s:73:4:73:Infinity":23,"s:78:30:107:1":24,"f:78:30:78:35":3,"s:79:2:106:Infinity":25,"s:80:15:80:46":26,"b:81:4:83:Infinity:undefined:undefined:undefined:undefined":7,"s:81:4:83:Infinity":27,"s:82:6:82:Infinity":28,"s:85:20:92:6":29,"b:94:4:96:Infinity:undefined:undefined:undefined:undefined":8,"s:94:4:96:Infinity":30,"s:95:6:95:Infinity":31,"s:98:4:102:Infinity":32,"s:104:4:104:Infinity":33,"s:105:4:105:Infinity":34},"fnNames":{}}}
,"/home/gustavo/Banco-De-Dados/src/controllers/userController.js": {"path":"/home/gustavo/Banco-De-Dados/src/controllers/userController.js","statementMap":{"0":{"start":{"line":3,"column":27},"end":{"line":3,"column":61}},"1":{"start":{"line":4,"column":19},"end":{"line":4,"column":41}},"2":{"start":{"line":12,"column":17},"end":{"line":12,"column":30}},"3":{"start":{"line":13,"column":2},"end":{"line":13,"column":null}},"4":{"start":{"line":22,"column":2},"end":{"line":22,"column":null}},"5":{"start":{"line":22,"column":44},"end":{"line":22,"column":70}},"6":{"start":{"line":31,"column":2},"end":{"line":36,"column":null}},"7":{"start":{"line":45,"column":22},"end":{"line":83,"column":1}},"8":{"start":{"line":46,"column":2},"end":{"line":82,"column":null}},"9":{"start":{"line":47,"column":41},"end":{"line":47,"column":49}},"10":{"start":{"line":49,"column":4},"end":{"line":60,"column":null}},"11":{"start":{"line":56,"column":6},"end":{"line":59,"column":null}},"12":{"start":{"line":62,"column":19},"end":{"line":62,"column":77}},"13":{"start":{"line":64,"column":4},"end":{"line":69,"column":null}},"14":{"start":{"line":65,"column":6},"end":{"line":68,"column":null}},"15":{"start":{"line":71,"column":4},"end":{"line":75,"column":null}},"16":{"start":{"line":77,"column":4},"end":{"line":77,"column":null}},"17":{"start":{"line":78,"column":4},"end":{"line":81,"column":null}},"18":{"start":{"line":91,"column":22},"end":{"line":107,"column":1}},"19":{"start":{"line":92,"column":2},"end":{"line":106,"column":null}},"20":{"start":{"line":93,"column":21},"end":{"line":93,"column":52}},"21":{"start":{"line":95,"column":4},"end":{"line":99,"column":null}},"22":{"start":{"line":101,"column":4},"end":{"line":101,"column":null}},"23":{"start":{"line":102,"column":4},"end":{"line":105,"column":null}},"24":{"start":{"line":115,"column":23},"end":{"line":146,"column":1}},"25":{"start":{"line":116,"column":2},"end":{"line":145,"column":null}},"26":{"start":{"line":117,"column":19},"end":{"line":117,"column":47}},"27":{"start":{"line":119,"column":4},"end":{"line":124,"column":null}},"28":{"start":{"line":120,"column":6},"end":{"line":123,"column":null}},"29":{"start":{"line":126,"column":20},"end":{"line":126,"column":57}},"30":{"start":{"line":128,"column":4},"end":{"line":133,"column":null}},"31":{"start":{"line":129,"column":6},"end":{"line":132,"column":null}},"32":{"start":{"line":135,"column":4},"end":{"line":138,"column":null}},"33":{"start":{"line":140,"column":4},"end":{"line":140,"column":null}},"34":{"start":{"line":141,"column":4},"end":{"line":144,"column":null}},"35":{"start":{"line":154,"column":22},"end":{"line":200,"column":1}},"36":{"start":{"line":155,"column":2},"end":{"line":199,"column":null}},"37":{"start":{"line":156,"column":19},"end":{"line":156,"column":47}},"38":{"start":{"line":158,"column":4},"end":{"line":163,"column":null}},"39":{"start":{"line":159,"column":6},"end":{"line":162,"column":null}},"40":{"start":{"line":165,"column":4},"end":{"line":170,"column":null}},"41":{"start":{"line":166,"column":6},"end":{"line":169,"column":null}},"42":{"start":{"line":172,"column":19},"end":{"line":172,"column":65}},"43":{"start":{"line":174,"column":4},"end":{"line":179,"column":null}},"44":{"start":{"line":175,"column":6},"end":{"line":178,"column":null}},"45":{"start":{"line":181,"column":4},"end":{"line":186,"column":null}},"46":{"start":{"line":182,"column":6},"end":{"line":185,"column":null}},"47":{"start":{"line":188,"column":4},"end":{"line":192,"column":null}},"48":{"start":{"line":194,"column":4},"end":{"line":194,"column":null}},"49":{"start":{"line":195,"column":4},"end":{"line":198,"column":null}},"50":{"start":{"line":208,"column":22},"end":{"line":247,"column":1}},"51":{"start":{"line":209,"column":2},"end":{"line":246,"column":null}},"52":{"start":{"line":210,"column":19},"end":{"line":210,"column":47}},"53":{"start":{"line":212,"column":4},"end":{"line":217,"column":null}},"54":{"start":{"line":213,"column":6},"end":{"line":216,"column":null}},"55":{"start":{"line":219,"column":19},"end":{"line":219,"column":55}},"56":{"start":{"line":221,"column":4},"end":{"line":226,"column":null}},"57":{"start":{"line":222,"column":6},"end":{"line":225,"column":null}},"58":{"start":{"line":228,"column":4},"end":{"line":233,"column":null}},"59":{"start":{"line":229,"column":6},"end":{"line":232,"column":null}},"60":{"start":{"line":235,"column":4},"end":{"line":239,"column":null}},"61":{"start":{"line":241,"column":4},"end":{"line":241,"column":null}},"62":{"start":{"line":242,"column":4},"end":{"line":245,"column":null}}},"fnMap":{"0":{"name":"toPositiveInt","decl":{"start":{"line":11,"column":9},"end":{"line":11,"column":22}},"loc":{"start":{"line":11,"column":30},"end":{"line":14,"column":null}},"line":11},"1":{"name":"hasAllowedPatchField","decl":{"start":{"line":21,"column":9},"end":{"line":21,"column":29}},"loc":{"start":{"line":21,"column":36},"end":{"line":23,"column":null}},"line":21},"2":{"name":"(anonymous_2)","decl":{"start":{"line":22,"column":33},"end":{"line":22,"column":34}},"loc":{"start":{"line":22,"column":44},"end":{"line":22,"column":70}},"line":22},"3":{"name":"hasInvalidUserFields","decl":{"start":{"line":30,"column":9},"end":{"line":30,"column":29}},"loc":{"start":{"line":30,"column":60},"end":{"line":37,"column":null}},"line":30},"4":{"name":"(anonymous_4)","decl":{"start":{"line":45,"column":22},"end":{"line":45,"column":27}},"loc":{"start":{"line":45,"column":42},"end":{"line":83,"column":1}},"line":45},"5":{"name":"(anonymous_5)","decl":{"start":{"line":91,"column":22},"end":{"line":91,"column":27}},"loc":{"start":{"line":91,"column":43},"end":{"line":107,"column":1}},"line":91},"6":{"name":"(anonymous_6)","decl":{"start":{"line":115,"column":23},"end":{"line":115,"column":28}},"loc":{"start":{"line":115,"column":43},"end":{"line":146,"column":1}},"line":115},"7":{"name":"(anonymous_7)","decl":{"start":{"line":154,"column":22},"end":{"line":154,"column":27}},"loc":{"start":{"line":154,"column":42},"end":{"line":200,"column":1}},"line":154},"8":{"name":"(anonymous_8)","decl":{"start":{"line":208,"column":22},"end":{"line":208,"column":27}},"loc":{"start":{"line":208,"column":42},"end":{"line":247,"column":1}},"line":208}},"branchMap":{"0":{"loc":{"start":{"line":13,"column":9},"end":{"line":13,"column":63}},"type":"cond-expr","locations":[{"start":{"line":13,"column":50},"end":{"line":13,"column":56}},{"start":{"line":13,"column":59},"end":{"line":13,"column":63}}],"line":13},"1":{"loc":{"start":{"line":13,"column":9},"end":{"line":13,"column":47}},"type":"binary-expr","locations":[{"start":{"line":13,"column":9},"end":{"line":13,"column":33}},{"start":{"line":13,"column":37},"end":{"line":13,"column":47}}],"line":13},"2":{"loc":{"start":{"line":32,"column":4},"end":{"line":35,"column":null}},"type":"binary-expr","locations":[{"start":{"line":32,"column":5},"end":{"line":32,"column":23}},{"start":{"line":32,"column":28},"end":{"line":32,"column":52}},{"start":{"line":32,"column":56},"end":{"line":32,"column":68}},{"start":{"line":33,"column":5},"end":{"line":33,"column":24}},{"start":{"line":33,"column":29},"end":{"line":33,"column":54}},{"start":{"line":33,"column":58},"end":{"line":33,"column":71}},{"start":{"line":34,"column":5},"end":{"line":34,"column":24}},{"start":{"line":34,"column":28},"end":{"line":34,"column":55}},{"start":{"line":35,"column":5},"end":{"line":35,"column":23}},{"start":{"line":35,"column":27},"end":{"line":35,"column":40}},{"start":{"line":35,"column":44},"end":{"line":35,"column":68}}],"line":32},"3":{"loc":{"start":{"line":49,"column":4},"end":{"line":60,"column":null}},"type":"if","locations":[{"start":{"line":49,"column":4},"end":{"line":60,"column":null}},{"start":{},"end":{}}],"line":49},"4":{"loc":{"start":{"line":50,"column":6},"end":{"line":54,"column":null}},"type":"binary-expr","locations":[{"start":{"line":50,"column":6},"end":{"line":50,"column":30}},{"start":{"line":51,"column":6},"end":{"line":51,"column":18}},{"start":{"line":52,"column":6},"end":{"line":52,"column":31}},{"start":{"line":53,"column":6},"end":{"line":53,"column":19}},{"start":{"line":54,"column":6},"end":{"line":54,"column":null}}],"line":50},"5":{"loc":{"start":{"line":64,"column":4},"end":{"line":69,"column":null}},"type":"if","locations":[{"start":{"line":64,"column":4},"end":{"line":69,"column":null}},{"start":{},"end":{}}],"line":64},"6":{"loc":{"start":{"line":64,"column":8},"end":{"line":64,"column":56}},"type":"binary-expr","locations":[{"start":{"line":64,"column":8},"end":{"line":64,"column":18}},{"start":{"line":64,"column":22},"end":{"line":64,"column":56}}],"line":64},"7":{"loc":{"start":{"line":119,"column":4},"end":{"line":124,"column":null}},"type":"if","locations":[{"start":{"line":119,"column":4},"end":{"line":124,"column":null}},{"start":{},"end":{}}],"line":119},"8":{"loc":{"start":{"line":128,"column":4},"end":{"line":133,"column":null}},"type":"if","locations":[{"start":{"line":128,"column":4},"end":{"line":133,"column":null}},{"start":{},"end":{}}],"line":128},"9":{"loc":{"start":{"line":158,"column":4},"end":{"line":163,"column":null}},"type":"if","locations":[{"start":{"line":158,"column":4},"end":{"line":163,"column":null}},{"start":{},"end":{}}],"line":158},"10":{"loc":{"start":{"line":165,"column":4},"end":{"line":170,"column":null}},"type":"if","locations":[{"start":{"line":165,"column":4},"end":{"line":170,"column":null}},{"start":{},"end":{}}],"line":165},"11":{"loc":{"start":{"line":165,"column":8},"end":{"line":165,"column":73}},"type":"binary-expr","locations":[{"start":{"line":165,"column":8},"end":{"line":165,"column":39}},{"start":{"line":165,"column":43},"end":{"line":165,"column":73}}],"line":165},"12":{"loc":{"start":{"line":174,"column":4},"end":{"line":179,"column":null}},"type":"if","locations":[{"start":{"line":174,"column":4},"end":{"line":179,"column":null}},{"start":{},"end":{}}],"line":174},"13":{"loc":{"start":{"line":174,"column":8},"end":{"line":174,"column":51}},"type":"binary-expr","locations":[{"start":{"line":174,"column":8},"end":{"line":174,"column":18}},{"start":{"line":174,"column":22},"end":{"line":174,"column":51}}],"line":174},"14":{"loc":{"start":{"line":181,"column":4},"end":{"line":186,"column":null}},"type":"if","locations":[{"start":{"line":181,"column":4},"end":{"line":186,"column":null}},{"start":{},"end":{}}],"line":181},"15":{"loc":{"start":{"line":181,"column":8},"end":{"line":181,"column":56}},"type":"binary-expr","locations":[{"start":{"line":181,"column":8},"end":{"line":181,"column":18}},{"start":{"line":181,"column":22},"end":{"line":181,"column":56}}],"line":181},"16":{"loc":{"start":{"line":212,"column":4},"end":{"line":217,"column":null}},"type":"if","locations":[{"start":{"line":212,"column":4},"end":{"line":217,"column":null}},{"start":{},"end":{}}],"line":212},"17":{"loc":{"start":{"line":221,"column":4},"end":{"line":226,"column":null}},"type":"if","locations":[{"start":{"line":221,"column":4},"end":{"line":226,"column":null}},{"start":{},"end":{}}],"line":221},"18":{"loc":{"start":{"line":221,"column":8},"end":{"line":221,"column":51}},"type":"binary-expr","locations":[{"start":{"line":221,"column":8},"end":{"line":221,"column":18}},{"start":{"line":221,"column":22},"end":{"line":221,"column":51}}],"line":221},"19":{"loc":{"start":{"line":228,"column":4},"end":{"line":233,"column":null}},"type":"if","locations":[{"start":{"line":228,"column":4},"end":{"line":233,"column":null}},{"start":{},"end":{}}],"line":228},"20":{"loc":{"start":{"line":228,"column":8},"end":{"line":228,"column":53}},"type":"binary-expr","locations":[{"start":{"line":228,"column":8},"end":{"line":228,"column":18}},{"start":{"line":228,"column":22},"end":{"line":228,"column":53}}],"line":228}},"s":{"0":1,"1":1,"2":9,"3":9,"4":3,"5":7,"6":11,"7":1,"8":9,"9":9,"10":9,"11":0,"12":9,"13":9,"14":1,"15":8,"16":0,"17":0,"18":1,"19":1,"20":1,"21":1,"22":0,"23":0,"24":1,"25":4,"26":4,"27":4,"28":1,"29":3,"30":3,"31":2,"32":1,"33":0,"34":0,"35":1,"36":3,"37":3,"38":3,"39":0,"40":3,"41":1,"42":2,"43":2,"44":0,"45":2,"46":1,"47":1,"48":0,"49":0,"50":1,"51":2,"52":2,"53":2,"54":0,"55":2,"56":2,"57":0,"58":2,"59":1,"60":1,"61":0,"62":0},"f":{"0":9,"1":3,"2":7,"3":11,"4":9,"5":1,"6":4,"7":3,"8":2},"b":{"0":[8,1],"1":[9,8],"2":[11,10,10,11,10,10,11,0,11,0,0],"3":[0,9],"4":[9,9,9,9,9],"5":[1,8],"6":[9,1],"7":[1,3],"8":[2,1],"9":[0,3],"10":[1,2],"11":[3,2],"12":[0,2],"13":[2,1],"14":[1,1],"15":[2,1],"16":[0,2],"17":[0,2],"18":[2,1],"19":[1,1],"20":[2,1]},"meta":{"lastBranch":21,"lastFunction":9,"lastStatement":63,"seen":{"s:3:27:3:61":0,"s:4:19:4:41":1,"f:11:9:11:22":0,"s:12:17:12:30":2,"s:13:2:13:Infinity":3,"b:13:50:13:56:13:59:13:63":0,"b:13:9:13:33:13:37:13:47":1,"f:21:9:21:29":1,"s:22:2:22:Infinity":4,"f:22:33:22:34":2,"s:22:44:22:70":5,"f:30:9:30:29":3,"s:31:2:36:Infinity":6,"b:32:5:32:23:32:28:32:52:32:56:32:68:33:5:33:24:33:29:33:54:33:58:33:71:34:5:34:24:34:28:34:55:35:5:35:23:35:27:35:40:35:44:35:68":2,"s:45:22:83:1":7,"f:45:22:45:27":4,"s:46:2:82:Infinity":8,"s:47:41:47:49":9,"b:49:4:60:Infinity:undefined:undefined:undefined:undefined":3,"s:49:4:60:Infinity":10,"b:50:6:50:30:51:6:51:18:52:6:52:31:53:6:53:19:54:6:54:Infinity":4,"s:56:6:59:Infinity":11,"s:62:19:62:77":12,"b:64:4:69:Infinity:undefined:undefined:undefined:undefined":5,"s:64:4:69:Infinity":13,"b:64:8:64:18:64:22:64:56":6,"s:65:6:68:Infinity":14,"s:71:4:75:Infinity":15,"s:77:4:77:Infinity":16,"s:78:4:81:Infinity":17,"s:91:22:107:1":18,"f:91:22:91:27":5,"s:92:2:106:Infinity":19,"s:93:21:93:52":20,"s:95:4:99:Infinity":21,"s:101:4:101:Infinity":22,"s:102:4:105:Infinity":23,"s:115:23:146:1":24,"f:115:23:115:28":6,"s:116:2:145:Infinity":25,"s:117:19:117:47":26,"b:119:4:124:Infinity:undefined:undefined:undefined:undefined":7,"s:119:4:124:Infinity":27,"s:120:6:123:Infinity":28,"s:126:20:126:57":29,"b:128:4:133:Infinity:undefined:undefined:undefined:undefined":8,"s:128:4:133:Infinity":30,"s:129:6:132:Infinity":31,"s:135:4:138:Infinity":32,"s:140:4:140:Infinity":33,"s:141:4:144:Infinity":34,"s:154:22:200:1":35,"f:154:22:154:27":7,"s:155:2:199:Infinity":36,"s:156:19:156:47":37,"b:158:4:163:Infinity:undefined:undefined:undefined:undefined":9,"s:158:4:163:Infinity":38,"s:159:6:162:Infinity":39,"b:165:4:170:Infinity:undefined:undefined:undefined:undefined":10,"s:165:4:170:Infinity":40,"b:165:8:165:39:165:43:165:73":11,"s:166:6:169:Infinity":41,"s:172:19:172:65":42,"b:174:4:179:Infinity:undefined:undefined:undefined:undefined":12,"s:174:4:179:Infinity":43,"b:174:8:174:18:174:22:174:51":13,"s:175:6:178:Infinity":44,"b:181:4:186:Infinity:undefined:undefined:undefined:undefined":14,"s:181:4:186:Infinity":45,"b:181:8:181:18:181:22:181:56":15,"s:182:6:185:Infinity":46,"s:188:4:192:Infinity":47,"s:194:4:194:Infinity":48,"s:195:4:198:Infinity":49,"s:208:22:247:1":50,"f:208:22:208:27":8,"s:209:2:246:Infinity":51,"s:210:19:210:47":52,"b:212:4:217:Infinity:undefined:undefined:undefined:undefined":16,"s:212:4:217:Infinity":53,"s:213:6:216:Infinity":54,"s:219:19:219:55":55,"b:221:4:226:Infinity:undefined:undefined:undefined:undefined":17,"s:221:4:226:Infinity":56,"b:221:8:221:18:221:22:221:51":18,"s:222:6:225:Infinity":57,"b:228:4:233:Infinity:undefined:undefined:undefined:undefined":19,"s:228:4:233:Infinity":58,"b:228:8:228:18:228:22:228:53":20,"s:229:6:232:Infinity":59,"s:235:4:239:Infinity":60,"s:241:4:241:Infinity":61,"s:242:4:245:Infinity":62},"fnNames":{}}}
,"/home/gustavo/Banco-De-Dados/src/routes/questionRoutes.js": {"path":"/home/gustavo/Banco-De-Dados/src/routes/questionRoutes.js","statementMap":{"0":{"start":{"line":8,"column":15},"end":{"line":8,"column":23}},"1":{"start":{"line":10,"column":0},"end":{"line":10,"column":null}},"2":{"start":{"line":11,"column":0},"end":{"line":11,"column":null}},"3":{"start":{"line":12,"column":0},"end":{"line":12,"column":null}}},"fnMap":{},"branchMap":{},"s":{"0":1,"1":1,"2":1,"3":1},"f":{},"b":{},"meta":{"lastBranch":0,"lastFunction":0,"lastStatement":4,"seen":{"s:8:15:8:23":0,"s:10:0:10:Infinity":1,"s:11:0:11:Infinity":2,"s:12:0:12:Infinity":3},"fnNames":{}}}
,"/home/gustavo/Banco-De-Dados/src/routes/subjectRoutes.js": {"path":"/home/gustavo/Banco-De-Dados/src/routes/subjectRoutes.js","statementMap":{"0":{"start":{"line":8,"column":15},"end":{"line":8,"column":23}},"1":{"start":{"line":10,"column":0},"end":{"line":10,"column":null}},"2":{"start":{"line":11,"column":0},"end":{"line":11,"column":null}},"3":{"start":{"line":12,"column":0},"end":{"line":12,"column":null}}},"fnMap":{},"branchMap":{},"s":{"0":1,"1":1,"2":1,"3":1},"f":{},"b":{},"meta":{"lastBranch":0,"lastFunction":0,"lastStatement":4,"seen":{"s:8:15:8:23":0,"s:10:0:10:Infinity":1,"s:11:0:11:Infinity":2,"s:12:0:12:Infinity":3},"fnNames":{}}}
,"/home/gustavo/Banco-De-Dados/src/routes/userRoutes.js": {"path":"/home/gustavo/Banco-De-Dados/src/routes/userRoutes.js","statementMap":{"0":{"start":{"line":4,"column":15},"end":{"line":4,"column":31}},"1":{"start":{"line":6,"column":0},"end":{"line":6,"column":null}},"2":{"start":{"line":7,"column":0},"end":{"line":7,"column":null}},"3":{"start":{"line":8,"column":0},"end":{"line":8,"column":null}},"4":{"start":{"line":9,"column":0},"end":{"line":9,"column":null}},"5":{"start":{"line":10,"column":0},"end":{"line":10,"column":null}}},"fnMap":{},"branchMap":{},"s":{"0":1,"1":1,"2":1,"3":1,"4":1,"5":1},"f":{},"b":{},"meta":{"lastBranch":0,"lastFunction":0,"lastStatement":6,"seen":{"s:4:15:4:31":0,"s:6:0:6:Infinity":1,"s:7:0:7:Infinity":2,"s:8:0:8:Infinity":3,"s:9:0:9:Infinity":4,"s:10:0:10:Infinity":5},"fnNames":{}}}
,"/home/gustavo/Banco-De-Dados/src/services/userService.js": {"path":"/home/gustavo/Banco-De-Dados/src/services/userService.js","statementMap":{"0":{"start":{"line":3,"column":25},"end":{"line":11,"column":1}},"1":{"start":{"line":18,"column":23},"end":{"line":18,"column":60}},"2":{"start":{"line":18,"column":34},"end":{"line":18,"column":60}},"3":{"start":{"line":24,"column":27},"end":{"line":29,"column":1}},"4":{"start":{"line":25,"column":2},"end":{"line":28,"column":null}},"5":{"start":{"line":36,"column":27},"end":{"line":41,"column":1}},"6":{"start":{"line":37,"column":2},"end":{"line":40,"column":null}},"7":{"start":{"line":48,"column":26},"end":{"line":78,"column":1}},"8":{"start":{"line":49,"column":16},"end":{"line":49,"column":46}},"9":{"start":{"line":50,"column":21},"end":{"line":53,"column":4}},"10":{"start":{"line":55,"column":2},"end":{"line":57,"column":null}},"11":{"start":{"line":56,"column":4},"end":{"line":56,"column":null}},"12":{"start":{"line":59,"column":2},"end":{"line":77,"column":null}},"13":{"start":{"line":60,"column":20},"end":{"line":68,"column":6}},"14":{"start":{"line":70,"column":4},"end":{"line":70,"column":null}},"15":{"start":{"line":72,"column":4},"end":{"line":74,"column":null}},"16":{"start":{"line":73,"column":6},"end":{"line":73,"column":null}},"17":{"start":{"line":76,"column":4},"end":{"line":76,"column":null}},"18":{"start":{"line":86,"column":26},"end":{"line":139,"column":1}},"19":{"start":{"line":87,"column":27},"end":{"line":90,"column":4}},"20":{"start":{"line":92,"column":2},"end":{"line":94,"column":null}},"21":{"start":{"line":93,"column":4},"end":{"line":93,"column":null}},"22":{"start":{"line":96,"column":15},"end":{"line":96,"column":17}},"23":{"start":{"line":98,"column":2},"end":{"line":100,"column":null}},"24":{"start":{"line":99,"column":4},"end":{"line":99,"column":null}},"25":{"start":{"line":102,"column":2},"end":{"line":114,"column":null}},"26":{"start":{"line":103,"column":18},"end":{"line":103,"column":48}},"27":{"start":{"line":104,"column":23},"end":{"line":107,"column":6}},"28":{"start":{"line":109,"column":4},"end":{"line":111,"column":null}},"29":{"start":{"line":110,"column":6},"end":{"line":110,"column":null}},"30":{"start":{"line":113,"column":4},"end":{"line":113,"column":null}},"31":{"start":{"line":116,"column":2},"end":{"line":118,"column":null}},"32":{"start":{"line":117,"column":4},"end":{"line":117,"column":null}},"33":{"start":{"line":120,"column":2},"end":{"line":122,"column":null}},"34":{"start":{"line":121,"column":4},"end":{"line":121,"column":null}},"35":{"start":{"line":124,"column":2},"end":{"line":138,"column":null}},"36":{"start":{"line":125,"column":20},"end":{"line":129,"column":6}},"37":{"start":{"line":131,"column":4},"end":{"line":131,"column":null}},"38":{"start":{"line":133,"column":4},"end":{"line":135,"column":null}},"39":{"start":{"line":134,"column":6},"end":{"line":134,"column":null}},"40":{"start":{"line":137,"column":4},"end":{"line":137,"column":null}},"41":{"start":{"line":146,"column":26},"end":{"line":182,"column":1}},"42":{"start":{"line":147,"column":27},"end":{"line":155,"column":4}},"43":{"start":{"line":157,"column":2},"end":{"line":159,"column":null}},"44":{"start":{"line":158,"column":4},"end":{"line":158,"column":null}},"45":{"start":{"line":161,"column":2},"end":{"line":166,"column":null}},"46":{"start":{"line":165,"column":4},"end":{"line":165,"column":null}},"47":{"start":{"line":168,"column":2},"end":{"line":181,"column":null}},"48":{"start":{"line":169,"column":20},"end":{"line":172,"column":6}},"49":{"start":{"line":174,"column":4},"end":{"line":174,"column":null}},"50":{"start":{"line":176,"column":4},"end":{"line":178,"column":null}},"51":{"start":{"line":177,"column":6},"end":{"line":177,"column":null}},"52":{"start":{"line":180,"column":4},"end":{"line":180,"column":null}}},"fnMap":{"0":{"name":"(anonymous_0)","decl":{"start":{"line":18,"column":23},"end":{"line":18,"column":24}},"loc":{"start":{"line":18,"column":34},"end":{"line":18,"column":60}},"line":18},"1":{"name":"(anonymous_1)","decl":{"start":{"line":24,"column":27},"end":{"line":24,"column":32}},"loc":{"start":{"line":24,"column":39},"end":{"line":29,"column":1}},"line":24},"2":{"name":"(anonymous_2)","decl":{"start":{"line":36,"column":27},"end":{"line":36,"column":32}},"loc":{"start":{"line":36,"column":45},"end":{"line":41,"column":1}},"line":36},"3":{"name":"(anonymous_3)","decl":{"start":{"line":48,"column":26},"end":{"line":48,"column":31}},"loc":{"start":{"line":48,"column":46},"end":{"line":78,"column":1}},"line":48},"4":{"name":"(anonymous_4)","decl":{"start":{"line":86,"column":26},"end":{"line":86,"column":31}},"loc":{"start":{"line":86,"column":54},"end":{"line":139,"column":1}},"line":86},"5":{"name":"(anonymous_5)","decl":{"start":{"line":146,"column":26},"end":{"line":146,"column":31}},"loc":{"start":{"line":146,"column":44},"end":{"line":182,"column":1}},"line":146}},"branchMap":{"0":{"loc":{"start":{"line":55,"column":2},"end":{"line":57,"column":null}},"type":"if","locations":[{"start":{"line":55,"column":2},"end":{"line":57,"column":null}},{"start":{},"end":{}}],"line":55},"1":{"loc":{"start":{"line":64,"column":15},"end":{"line":64,"column":44}},"type":"binary-expr","locations":[{"start":{"line":64,"column":15},"end":{"line":64,"column":29}},{"start":{"line":64,"column":33},"end":{"line":64,"column":44}}],"line":64},"2":{"loc":{"start":{"line":65,"column":14},"end":{"line":65,"column":43}},"type":"binary-expr","locations":[{"start":{"line":65,"column":14},"end":{"line":65,"column":35}},{"start":{"line":65,"column":39},"end":{"line":65,"column":43}}],"line":65},"3":{"loc":{"start":{"line":72,"column":4},"end":{"line":74,"column":null}},"type":"if","locations":[{"start":{"line":72,"column":4},"end":{"line":74,"column":null}},{"start":{},"end":{}}],"line":72},"4":{"loc":{"start":{"line":92,"column":2},"end":{"line":94,"column":null}},"type":"if","locations":[{"start":{"line":92,"column":2},"end":{"line":94,"column":null}},{"start":{},"end":{}}],"line":92},"5":{"loc":{"start":{"line":98,"column":2},"end":{"line":100,"column":null}},"type":"if","locations":[{"start":{"line":98,"column":2},"end":{"line":100,"column":null}},{"start":{},"end":{}}],"line":98},"6":{"loc":{"start":{"line":102,"column":2},"end":{"line":114,"column":null}},"type":"if","locations":[{"start":{"line":102,"column":2},"end":{"line":114,"column":null}},{"start":{},"end":{}}],"line":102},"7":{"loc":{"start":{"line":109,"column":4},"end":{"line":111,"column":null}},"type":"if","locations":[{"start":{"line":109,"column":4},"end":{"line":111,"column":null}},{"start":{},"end":{}}],"line":109},"8":{"loc":{"start":{"line":109,"column":8},"end":{"line":109,"column":46}},"type":"binary-expr","locations":[{"start":{"line":109,"column":8},"end":{"line":109,"column":18}},{"start":{"line":109,"column":22},"end":{"line":109,"column":46}}],"line":109},"9":{"loc":{"start":{"line":116,"column":2},"end":{"line":118,"column":null}},"type":"if","locations":[{"start":{"line":116,"column":2},"end":{"line":118,"column":null}},{"start":{},"end":{}}],"line":116},"10":{"loc":{"start":{"line":120,"column":2},"end":{"line":122,"column":null}},"type":"if","locations":[{"start":{"line":120,"column":2},"end":{"line":122,"column":null}},{"start":{},"end":{}}],"line":120},"11":{"loc":{"start":{"line":121,"column":16},"end":{"line":121,"column":45}},"type":"binary-expr","locations":[{"start":{"line":121,"column":16},"end":{"line":121,"column":37}},{"start":{"line":121,"column":41},"end":{"line":121,"column":45}}],"line":121},"12":{"loc":{"start":{"line":133,"column":4},"end":{"line":135,"column":null}},"type":"if","locations":[{"start":{"line":133,"column":4},"end":{"line":135,"column":null}},{"start":{},"end":{}}],"line":133},"13":{"loc":{"start":{"line":157,"column":2},"end":{"line":159,"column":null}},"type":"if","locations":[{"start":{"line":157,"column":2},"end":{"line":159,"column":null}},{"start":{},"end":{}}],"line":157},"14":{"loc":{"start":{"line":161,"column":2},"end":{"line":166,"column":null}},"type":"if","locations":[{"start":{"line":161,"column":2},"end":{"line":166,"column":null}},{"start":{},"end":{}}],"line":161},"15":{"loc":{"start":{"line":162,"column":4},"end":{"line":163,"column":null}},"type":"binary-expr","locations":[{"start":{"line":162,"column":4},"end":{"line":162,"column":40}},{"start":{"line":163,"column":4},"end":{"line":163,"column":null}}],"line":162},"16":{"loc":{"start":{"line":176,"column":4},"end":{"line":178,"column":null}},"type":"if","locations":[{"start":{"line":176,"column":4},"end":{"line":178,"column":null}},{"start":{},"end":{}}],"line":176},"17":{"loc":{"start":{"line":176,"column":8},"end":{"line":176,"column":56}},"type":"binary-expr","locations":[{"start":{"line":176,"column":8},"end":{"line":176,"column":30}},{"start":{"line":176,"column":34},"end":{"line":176,"column":56}}],"line":176}},"s":{"0":1,"1":1,"2":10,"3":1,"4":1,"5":1,"6":3,"7":1,"8":9,"9":9,"10":9,"11":1,"12":8,"13":8,"14":8,"15":0,"16":0,"17":0,"18":1,"19":2,"20":2,"21":0,"22":2,"23":2,"24":1,"25":2,"26":1,"27":1,"28":1,"29":1,"30":0,"31":1,"32":0,"33":1,"34":0,"35":1,"36":1,"37":1,"38":0,"39":0,"40":0,"41":1,"42":2,"43":2,"44":0,"45":2,"46":1,"47":1,"48":1,"49":1,"50":0,"51":0,"52":0},"f":{"0":10,"1":1,"2":3,"3":9,"4":2,"5":2},"b":{"0":[1,8],"1":[8,8],"2":[9,8],"3":[0,0],"4":[0,2],"5":[1,1],"6":[1,1],"7":[1,0],"8":[1,1],"9":[0,1],"10":[0,1],"11":[0,0],"12":[0,0],"13":[0,2],"14":[1,1],"15":[2,1],"16":[0,0],"17":[0,0]},"meta":{"lastBranch":18,"lastFunction":6,"lastStatement":53,"seen":{"s:3:25:11:1":0,"s:18:23:18:60":1,"f:18:23:18:24":0,"s:18:34:18:60":2,"s:24:27:29:1":3,"f:24:27:24:32":1,"s:25:2:28:Infinity":4,"s:36:27:41:1":5,"f:36:27:36:32":2,"s:37:2:40:Infinity":6,"s:48:26:78:1":7,"f:48:26:48:31":3,"s:49:16:49:46":8,"s:50:21:53:4":9,"b:55:2:57:Infinity:undefined:undefined:undefined:undefined":0,"s:55:2:57:Infinity":10,"s:56:4:56:Infinity":11,"s:59:2:77:Infinity":12,"s:60:20:68:6":13,"b:64:15:64:29:64:33:64:44":1,"b:65:14:65:35:65:39:65:43":2,"s:70:4:70:Infinity":14,"b:72:4:74:Infinity:undefined:undefined:undefined:undefined":3,"s:72:4:74:Infinity":15,"s:73:6:73:Infinity":16,"s:76:4:76:Infinity":17,"s:86:26:139:1":18,"f:86:26:86:31":4,"s:87:27:90:4":19,"b:92:2:94:Infinity:undefined:undefined:undefined:undefined":4,"s:92:2:94:Infinity":20,"s:93:4:93:Infinity":21,"s:96:15:96:17":22,"b:98:2:100:Infinity:undefined:undefined:undefined:undefined":5,"s:98:2:100:Infinity":23,"s:99:4:99:Infinity":24,"b:102:2:114:Infinity:undefined:undefined:undefined:undefined":6,"s:102:2:114:Infinity":25,"s:103:18:103:48":26,"s:104:23:107:6":27,"b:109:4:111:Infinity:undefined:undefined:undefined:undefined":7,"s:109:4:111:Infinity":28,"b:109:8:109:18:109:22:109:46":8,"s:110:6:110:Infinity":29,"s:113:4:113:Infinity":30,"b:116:2:118:Infinity:undefined:undefined:undefined:undefined":9,"s:116:2:118:Infinity":31,"s:117:4:117:Infinity":32,"b:120:2:122:Infinity:undefined:undefined:undefined:undefined":10,"s:120:2:122:Infinity":33,"s:121:4:121:Infinity":34,"b:121:16:121:37:121:41:121:45":11,"s:124:2:138:Infinity":35,"s:125:20:129:6":36,"s:131:4:131:Infinity":37,"b:133:4:135:Infinity:undefined:undefined:undefined:undefined":12,"s:133:4:135:Infinity":38,"s:134:6:134:Infinity":39,"s:137:4:137:Infinity":40,"s:146:26:182:1":41,"f:146:26:146:31":5,"s:147:27:155:4":42,"b:157:2:159:Infinity:undefined:undefined:undefined:undefined":13,"s:157:2:159:Infinity":43,"s:158:4:158:Infinity":44,"b:161:2:166:Infinity:undefined:undefined:undefined:undefined":14,"s:161:2:166:Infinity":45,"b:162:4:162:40:163:4:163:Infinity":15,"s:165:4:165:Infinity":46,"s:168:2:181:Infinity":47,"s:169:20:172:6":48,"s:174:4:174:Infinity":49,"b:176:4:178:Infinity:undefined:undefined:undefined:undefined":16,"s:176:4:178:Infinity":50,"b:176:8:176:30:176:34:176:56":17,"s:177:6:177:Infinity":51,"s:180:4:180:Infinity":52},"fnNames":{}}}
}
